C:\Desenvolvimento de Software\VS\CadastroProduto\CadastroProduto\ClientApp\app\components\app\app.component.js
C:\Desenvolvimento de Software\VS\CadastroProduto\CadastroProduto\ClientApp\app\components\app\app.component.js.map
C:\Desenvolvimento de Software\VS\CadastroProduto\CadastroProduto\ClientApp\app\components\navmenu\navmenu.component.js
C:\Desenvolvimento de Software\VS\CadastroProduto\CadastroProduto\ClientApp\app\components\navmenu\navmenu.component.js.map
C:\Desenvolvimento de Software\VS\CadastroProduto\CadastroProduto\ClientApp\app\components\home\home.component.js
C:\Desenvolvimento de Software\VS\CadastroProduto\CadastroProduto\ClientApp\app\components\home\home.component.js.map
C:\Desenvolvimento de Software\VS\CadastroProduto\CadastroProduto\ClientApp\app\components\fetchdata\fetchdata.component.js
C:\Desenvolvimento de Software\VS\CadastroProduto\CadastroProduto\ClientApp\app\components\fetchdata\fetchdata.component.js.map
C:\Desenvolvimento de Software\VS\CadastroProduto\CadastroProduto\ClientApp\app\components\counter\counter.component.js
C:\Desenvolvimento de Software\VS\CadastroProduto\CadastroProduto\ClientApp\app\components\counter\counter.component.js.map
C:\Desenvolvimento de Software\VS\CadastroProduto\CadastroProduto\ClientApp\app\app.shared.module.js
C:\Desenvolvimento de Software\VS\CadastroProduto\CadastroProduto\ClientApp\app\app.shared.module.js.map
C:\Desenvolvimento de Software\VS\CadastroProduto\CadastroProduto\ClientApp\app\app.browser.module.js
C:\Desenvolvimento de Software\VS\CadastroProduto\CadastroProduto\ClientApp\app\app.browser.module.js.map
C:\Desenvolvimento de Software\VS\CadastroProduto\CadastroProduto\ClientApp\boot.browser.js
C:\Desenvolvimento de Software\VS\CadastroProduto\CadastroProduto\ClientApp\boot.browser.js.map
C:\Desenvolvimento de Software\VS\CadastroProduto\CadastroProduto\ClientApp\app\app.server.module.js
C:\Desenvolvimento de Software\VS\CadastroProduto\CadastroProduto\ClientApp\app\app.server.module.js.map
C:\Desenvolvimento de Software\VS\CadastroProduto\CadastroProduto\ClientApp\boot.server.js
C:\Desenvolvimento de Software\VS\CadastroProduto\CadastroProduto\ClientApp\boot.server.js.map
C:\Desenvolvimento de Software\VS\CadastroProduto\CadastroProduto\ClientApp\test\boot-tests.js
C:\Desenvolvimento de Software\VS\CadastroProduto\CadastroProduto\ClientApp\test\boot-tests.js.map
C:\Desenvolvimento de Software\VS\CadastroProduto\CadastroProduto\ClientApp\app\components\counter\counter.component.spec.js
C:\Desenvolvimento de Software\VS\CadastroProduto\CadastroProduto\ClientApp\app\components\counter\counter.component.spec.js.map
C:\Desenvolvimento de Software\VS\CadastroProduto\CadastroProduto\ClientApp\app\components\app\app.component.js
C:\Desenvolvimento de Software\VS\CadastroProduto\CadastroProduto\ClientApp\app\components\app\app.component.js.map
C:\Desenvolvimento de Software\VS\CadastroProduto\CadastroProduto\ClientApp\app\components\navmenu\navmenu.component.js
C:\Desenvolvimento de Software\VS\CadastroProduto\CadastroProduto\ClientApp\app\components\navmenu\navmenu.component.js.map
C:\Desenvolvimento de Software\VS\CadastroProduto\CadastroProduto\ClientApp\app\components\home\home.component.js
C:\Desenvolvimento de Software\VS\CadastroProduto\CadastroProduto\ClientApp\app\components\home\home.component.js.map
C:\Desenvolvimento de Software\VS\CadastroProduto\CadastroProduto\ClientApp\app\components\fetchdata\fetchdata.component.js
C:\Desenvolvimento de Software\VS\CadastroProduto\CadastroProduto\ClientApp\app\components\fetchdata\fetchdata.component.js.map
C:\Desenvolvimento de Software\VS\CadastroProduto\CadastroProduto\ClientApp\app\components\counter\counter.component.js
C:\Desenvolvimento de Software\VS\CadastroProduto\CadastroProduto\ClientApp\app\components\counter\counter.component.js.map
C:\Desenvolvimento de Software\VS\CadastroProduto\CadastroProduto\ClientApp\app\app.shared.module.js
C:\Desenvolvimento de Software\VS\CadastroProduto\CadastroProduto\ClientApp\app\app.shared.module.js.map
C:\Desenvolvimento de Software\VS\CadastroProduto\CadastroProduto\ClientApp\app\app.browser.module.js
C:\Desenvolvimento de Software\VS\CadastroProduto\CadastroProduto\ClientApp\app\app.browser.module.js.map
C:\Desenvolvimento de Software\VS\CadastroProduto\CadastroProduto\ClientApp\boot.browser.js
C:\Desenvolvimento de Software\VS\CadastroProduto\CadastroProduto\ClientApp\boot.browser.js.map
C:\Desenvolvimento de Software\VS\CadastroProduto\CadastroProduto\ClientApp\app\app.server.module.js
C:\Desenvolvimento de Software\VS\CadastroProduto\CadastroProduto\ClientApp\app\app.server.module.js.map
C:\Desenvolvimento de Software\VS\CadastroProduto\CadastroProduto\ClientApp\boot.server.js
C:\Desenvolvimento de Software\VS\CadastroProduto\CadastroProduto\ClientApp\boot.server.js.map
C:\Desenvolvimento de Software\VS\CadastroProduto\CadastroProduto\ClientApp\test\boot-tests.js
C:\Desenvolvimento de Software\VS\CadastroProduto\CadastroProduto\ClientApp\test\boot-tests.js.map
C:\Desenvolvimento de Software\VS\CadastroProduto\CadastroProduto\ClientApp\app\components\counter\counter.component.spec.js
C:\Desenvolvimento de Software\VS\CadastroProduto\CadastroProduto\ClientApp\app\components\counter\counter.component.spec.js.map
C:\Desenvolvimento de Software\VS\CadastroProduto\CadastroProduto\ClientApp\app\components\app\app.component.js
C:\Desenvolvimento de Software\VS\CadastroProduto\CadastroProduto\ClientApp\app\components\app\app.component.js.map
C:\Desenvolvimento de Software\VS\CadastroProduto\CadastroProduto\ClientApp\app\components\navmenu\navmenu.component.js
C:\Desenvolvimento de Software\VS\CadastroProduto\CadastroProduto\ClientApp\app\components\navmenu\navmenu.component.js.map
C:\Desenvolvimento de Software\VS\CadastroProduto\CadastroProduto\ClientApp\app\components\home\home.component.js
C:\Desenvolvimento de Software\VS\CadastroProduto\CadastroProduto\ClientApp\app\components\home\home.component.js.map
C:\Desenvolvimento de Software\VS\CadastroProduto\CadastroProduto\ClientApp\app\components\fetchdata\fetchdata.component.js
C:\Desenvolvimento de Software\VS\CadastroProduto\CadastroProduto\ClientApp\app\components\fetchdata\fetchdata.component.js.map
C:\Desenvolvimento de Software\VS\CadastroProduto\CadastroProduto\ClientApp\app\components\counter\counter.component.js
C:\Desenvolvimento de Software\VS\CadastroProduto\CadastroProduto\ClientApp\app\components\counter\counter.component.js.map
C:\Desenvolvimento de Software\VS\CadastroProduto\CadastroProduto\ClientApp\app\app.shared.module.js
C:\Desenvolvimento de Software\VS\CadastroProduto\CadastroProduto\ClientApp\app\app.shared.module.js.map
C:\Desenvolvimento de Software\VS\CadastroProduto\CadastroProduto\ClientApp\app\app.browser.module.js
C:\Desenvolvimento de Software\VS\CadastroProduto\CadastroProduto\ClientApp\app\app.browser.module.js.map
C:\Desenvolvimento de Software\VS\CadastroProduto\CadastroProduto\ClientApp\boot.browser.js
C:\Desenvolvimento de Software\VS\CadastroProduto\CadastroProduto\ClientApp\boot.browser.js.map
C:\Desenvolvimento de Software\VS\CadastroProduto\CadastroProduto\ClientApp\app\app.server.module.js
C:\Desenvolvimento de Software\VS\CadastroProduto\CadastroProduto\ClientApp\app\app.server.module.js.map
C:\Desenvolvimento de Software\VS\CadastroProduto\CadastroProduto\ClientApp\boot.server.js
C:\Desenvolvimento de Software\VS\CadastroProduto\CadastroProduto\ClientApp\boot.server.js.map
C:\Desenvolvimento de Software\VS\CadastroProduto\CadastroProduto\ClientApp\test\boot-tests.js
C:\Desenvolvimento de Software\VS\CadastroProduto\CadastroProduto\ClientApp\test\boot-tests.js.map
C:\Desenvolvimento de Software\VS\CadastroProduto\CadastroProduto\ClientApp\app\components\counter\counter.component.spec.js
C:\Desenvolvimento de Software\VS\CadastroProduto\CadastroProduto\ClientApp\app\components\counter\counter.component.spec.js.map
C:\Desenvolvimento de Software\VS\CadastroProduto\CadastroProduto\ClientApp\app\components\app\app.component.js
C:\Desenvolvimento de Software\VS\CadastroProduto\CadastroProduto\ClientApp\app\components\app\app.component.js.map
C:\Desenvolvimento de Software\VS\CadastroProduto\CadastroProduto\ClientApp\app\components\navmenu\navmenu.component.js
C:\Desenvolvimento de Software\VS\CadastroProduto\CadastroProduto\ClientApp\app\components\navmenu\navmenu.component.js.map
C:\Desenvolvimento de Software\VS\CadastroProduto\CadastroProduto\ClientApp\app\components\home\home.component.js
C:\Desenvolvimento de Software\VS\CadastroProduto\CadastroProduto\ClientApp\app\components\home\home.component.js.map
C:\Desenvolvimento de Software\VS\CadastroProduto\CadastroProduto\ClientApp\app\components\fetchdata\fetchdata.component.js
C:\Desenvolvimento de Software\VS\CadastroProduto\CadastroProduto\ClientApp\app\components\fetchdata\fetchdata.component.js.map
C:\Desenvolvimento de Software\VS\CadastroProduto\CadastroProduto\ClientApp\app\components\counter\counter.component.js
C:\Desenvolvimento de Software\VS\CadastroProduto\CadastroProduto\ClientApp\app\components\counter\counter.component.js.map
C:\Desenvolvimento de Software\VS\CadastroProduto\CadastroProduto\ClientApp\app\app.shared.module.js
C:\Desenvolvimento de Software\VS\CadastroProduto\CadastroProduto\ClientApp\app\app.shared.module.js.map
C:\Desenvolvimento de Software\VS\CadastroProduto\CadastroProduto\ClientApp\app\app.browser.module.js
C:\Desenvolvimento de Software\VS\CadastroProduto\CadastroProduto\ClientApp\app\app.browser.module.js.map
C:\Desenvolvimento de Software\VS\CadastroProduto\CadastroProduto\ClientApp\boot.browser.js
C:\Desenvolvimento de Software\VS\CadastroProduto\CadastroProduto\ClientApp\boot.browser.js.map
C:\Desenvolvimento de Software\VS\CadastroProduto\CadastroProduto\ClientApp\app\app.server.module.js
C:\Desenvolvimento de Software\VS\CadastroProduto\CadastroProduto\ClientApp\app\app.server.module.js.map
C:\Desenvolvimento de Software\VS\CadastroProduto\CadastroProduto\ClientApp\boot.server.js
C:\Desenvolvimento de Software\VS\CadastroProduto\CadastroProduto\ClientApp\boot.server.js.map
C:\Desenvolvimento de Software\VS\CadastroProduto\CadastroProduto\ClientApp\test\boot-tests.js
C:\Desenvolvimento de Software\VS\CadastroProduto\CadastroProduto\ClientApp\test\boot-tests.js.map
C:\Desenvolvimento de Software\VS\CadastroProduto\CadastroProduto\ClientApp\app\components\counter\counter.component.spec.js
C:\Desenvolvimento de Software\VS\CadastroProduto\CadastroProduto\ClientApp\app\components\counter\counter.component.spec.js.map
C:\Desenvolvimento de Software\VS\CadastroProduto\CadastroProduto\ClientApp\app\components\app\app.component.js
C:\Desenvolvimento de Software\VS\CadastroProduto\CadastroProduto\ClientApp\app\components\app\app.component.js.map
C:\Desenvolvimento de Software\VS\CadastroProduto\CadastroProduto\ClientApp\app\components\navmenu\navmenu.component.js
C:\Desenvolvimento de Software\VS\CadastroProduto\CadastroProduto\ClientApp\app\components\navmenu\navmenu.component.js.map
C:\Desenvolvimento de Software\VS\CadastroProduto\CadastroProduto\ClientApp\app\components\home\home.component.js
C:\Desenvolvimento de Software\VS\CadastroProduto\CadastroProduto\ClientApp\app\components\home\home.component.js.map
C:\Desenvolvimento de Software\VS\CadastroProduto\CadastroProduto\ClientApp\app\components\fetchdata\fetchdata.component.js
C:\Desenvolvimento de Software\VS\CadastroProduto\CadastroProduto\ClientApp\app\components\fetchdata\fetchdata.component.js.map
C:\Desenvolvimento de Software\VS\CadastroProduto\CadastroProduto\ClientApp\app\components\counter\counter.component.js
C:\Desenvolvimento de Software\VS\CadastroProduto\CadastroProduto\ClientApp\app\components\counter\counter.component.js.map
C:\Desenvolvimento de Software\VS\CadastroProduto\CadastroProduto\ClientApp\app\app.shared.module.js
C:\Desenvolvimento de Software\VS\CadastroProduto\CadastroProduto\ClientApp\app\app.shared.module.js.map
C:\Desenvolvimento de Software\VS\CadastroProduto\CadastroProduto\ClientApp\app\app.browser.module.js
C:\Desenvolvimento de Software\VS\CadastroProduto\CadastroProduto\ClientApp\app\app.browser.module.js.map
C:\Desenvolvimento de Software\VS\CadastroProduto\CadastroProduto\ClientApp\boot.browser.js
C:\Desenvolvimento de Software\VS\CadastroProduto\CadastroProduto\ClientApp\boot.browser.js.map
C:\Desenvolvimento de Software\VS\CadastroProduto\CadastroProduto\ClientApp\app\app.server.module.js
C:\Desenvolvimento de Software\VS\CadastroProduto\CadastroProduto\ClientApp\app\app.server.module.js.map
C:\Desenvolvimento de Software\VS\CadastroProduto\CadastroProduto\ClientApp\boot.server.js
C:\Desenvolvimento de Software\VS\CadastroProduto\CadastroProduto\ClientApp\boot.server.js.map
C:\Desenvolvimento de Software\VS\CadastroProduto\CadastroProduto\ClientApp\test\boot-tests.js
C:\Desenvolvimento de Software\VS\CadastroProduto\CadastroProduto\ClientApp\test\boot-tests.js.map
C:\Desenvolvimento de Software\VS\CadastroProduto\CadastroProduto\ClientApp\app\components\counter\counter.component.spec.js
C:\Desenvolvimento de Software\VS\CadastroProduto\CadastroProduto\ClientApp\app\components\counter\counter.component.spec.js.map
C:\Desenvolvimento de Software\VS\CadastroProduto\CadastroProduto\ClientApp\app\components\app\app.component.js
C:\Desenvolvimento de Software\VS\CadastroProduto\CadastroProduto\ClientApp\app\components\app\app.component.js.map
C:\Desenvolvimento de Software\VS\CadastroProduto\CadastroProduto\ClientApp\app\components\navmenu\navmenu.component.js
C:\Desenvolvimento de Software\VS\CadastroProduto\CadastroProduto\ClientApp\app\components\navmenu\navmenu.component.js.map
C:\Desenvolvimento de Software\VS\CadastroProduto\CadastroProduto\ClientApp\app\components\home\home.component.js
C:\Desenvolvimento de Software\VS\CadastroProduto\CadastroProduto\ClientApp\app\components\home\home.component.js.map
C:\Desenvolvimento de Software\VS\CadastroProduto\CadastroProduto\ClientApp\app\components\fetchdata\fetchdata.component.js
C:\Desenvolvimento de Software\VS\CadastroProduto\CadastroProduto\ClientApp\app\components\fetchdata\fetchdata.component.js.map
C:\Desenvolvimento de Software\VS\CadastroProduto\CadastroProduto\ClientApp\app\components\counter\counter.component.js
C:\Desenvolvimento de Software\VS\CadastroProduto\CadastroProduto\ClientApp\app\components\counter\counter.component.js.map
C:\Desenvolvimento de Software\VS\CadastroProduto\CadastroProduto\ClientApp\app\app.shared.module.js
C:\Desenvolvimento de Software\VS\CadastroProduto\CadastroProduto\ClientApp\app\app.shared.module.js.map
C:\Desenvolvimento de Software\VS\CadastroProduto\CadastroProduto\ClientApp\app\app.browser.module.js
C:\Desenvolvimento de Software\VS\CadastroProduto\CadastroProduto\ClientApp\app\app.browser.module.js.map
C:\Desenvolvimento de Software\VS\CadastroProduto\CadastroProduto\ClientApp\boot.browser.js
C:\Desenvolvimento de Software\VS\CadastroProduto\CadastroProduto\ClientApp\boot.browser.js.map
C:\Desenvolvimento de Software\VS\CadastroProduto\CadastroProduto\ClientApp\app\app.server.module.js
C:\Desenvolvimento de Software\VS\CadastroProduto\CadastroProduto\ClientApp\app\app.server.module.js.map
C:\Desenvolvimento de Software\VS\CadastroProduto\CadastroProduto\ClientApp\boot.server.js
C:\Desenvolvimento de Software\VS\CadastroProduto\CadastroProduto\ClientApp\boot.server.js.map
C:\Desenvolvimento de Software\VS\CadastroProduto\CadastroProduto\ClientApp\test\boot-tests.js
C:\Desenvolvimento de Software\VS\CadastroProduto\CadastroProduto\ClientApp\test\boot-tests.js.map
C:\Desenvolvimento de Software\VS\CadastroProduto\CadastroProduto\ClientApp\app\components\counter\counter.component.spec.js
C:\Desenvolvimento de Software\VS\CadastroProduto\CadastroProduto\ClientApp\app\components\counter\counter.component.spec.js.map
C:\Desenvolvimento de Software\VS\CadastroProduto\CadastroProduto\ClientApp\app\components\app\app.component.js
C:\Desenvolvimento de Software\VS\CadastroProduto\CadastroProduto\ClientApp\app\components\app\app.component.js.map
C:\Desenvolvimento de Software\VS\CadastroProduto\CadastroProduto\ClientApp\app\components\navmenu\navmenu.component.js
C:\Desenvolvimento de Software\VS\CadastroProduto\CadastroProduto\ClientApp\app\components\navmenu\navmenu.component.js.map
C:\Desenvolvimento de Software\VS\CadastroProduto\CadastroProduto\ClientApp\app\components\home\home.component.js
C:\Desenvolvimento de Software\VS\CadastroProduto\CadastroProduto\ClientApp\app\components\home\home.component.js.map
C:\Desenvolvimento de Software\VS\CadastroProduto\CadastroProduto\ClientApp\app\components\fetchdata\fetchdata.component.js
C:\Desenvolvimento de Software\VS\CadastroProduto\CadastroProduto\ClientApp\app\components\fetchdata\fetchdata.component.js.map
C:\Desenvolvimento de Software\VS\CadastroProduto\CadastroProduto\ClientApp\app\components\counter\counter.component.js
C:\Desenvolvimento de Software\VS\CadastroProduto\CadastroProduto\ClientApp\app\components\counter\counter.component.js.map
C:\Desenvolvimento de Software\VS\CadastroProduto\CadastroProduto\ClientApp\app\app.shared.module.js
C:\Desenvolvimento de Software\VS\CadastroProduto\CadastroProduto\ClientApp\app\app.shared.module.js.map
C:\Desenvolvimento de Software\VS\CadastroProduto\CadastroProduto\ClientApp\app\app.browser.module.js
C:\Desenvolvimento de Software\VS\CadastroProduto\CadastroProduto\ClientApp\app\app.browser.module.js.map
C:\Desenvolvimento de Software\VS\CadastroProduto\CadastroProduto\ClientApp\boot.browser.js
C:\Desenvolvimento de Software\VS\CadastroProduto\CadastroProduto\ClientApp\boot.browser.js.map
C:\Desenvolvimento de Software\VS\CadastroProduto\CadastroProduto\ClientApp\app\app.server.module.js
C:\Desenvolvimento de Software\VS\CadastroProduto\CadastroProduto\ClientApp\app\app.server.module.js.map
C:\Desenvolvimento de Software\VS\CadastroProduto\CadastroProduto\ClientApp\boot.server.js
C:\Desenvolvimento de Software\VS\CadastroProduto\CadastroProduto\ClientApp\boot.server.js.map
C:\Desenvolvimento de Software\VS\CadastroProduto\CadastroProduto\ClientApp\test\boot-tests.js
C:\Desenvolvimento de Software\VS\CadastroProduto\CadastroProduto\ClientApp\test\boot-tests.js.map
C:\Desenvolvimento de Software\VS\CadastroProduto\CadastroProduto\ClientApp\app\components\counter\counter.component.spec.js
C:\Desenvolvimento de Software\VS\CadastroProduto\CadastroProduto\ClientApp\app\components\counter\counter.component.spec.js.map
